<?xml version="1.0" encoding="UTF-8"?>
<testsuite name="cmr.orbits.orbits-runtime-test" errors="0" failures="0" tests="2" time="4.2977" timestamp="2019-06-27_17:29:50-0400">
    <testcase name="test-denormalize-latitude-range" classname="cmr.orbits.orbits-runtime-test" time="4.1820">
    </testcase>
    <testcase name="test-area-crossing-range" classname="cmr.orbits.orbits-runtime-test" time="0.1056">
    </testcase>
    <system-err>
    </system-err>
    <system-out>
    </system-out>
    <properties>
[...]
</properties>
</testsuite>
